\BOOKMARK [1][-]{section*.1}{Contents}{}% 1
\BOOKMARK [1][-]{section.1}{Our language: Raccoon}{}% 2
\BOOKMARK [2][-]{subsection.1.1}{Types}{section.1}% 3
\BOOKMARK [2][-]{subsection.1.2}{Assignments}{section.1}% 4
\BOOKMARK [2][-]{subsection.1.3}{Constants}{section.1}% 5
\BOOKMARK [2][-]{subsection.1.4}{Operations}{section.1}% 6
\BOOKMARK [2][-]{subsection.1.5}{Indentation}{section.1}% 7
\BOOKMARK [2][-]{subsection.1.6}{Function definition}{section.1}% 8
\BOOKMARK [2][-]{subsection.1.7}{Conditionnals}{section.1}% 9
\BOOKMARK [2][-]{subsection.1.8}{Loops}{section.1}% 10
\BOOKMARK [3][-]{subsubsection.1.8.1}{"while" loop}{subsection.1.8}% 11
\BOOKMARK [3][-]{subsubsection.1.8.2}{"for" loop}{subsection.1.8}% 12
\BOOKMARK [2][-]{subsection.1.9}{Scope of variables}{section.1}% 13
\BOOKMARK [2][-]{subsection.1.10}{Comments}{section.1}% 14
\BOOKMARK [1][-]{section.2}{The compiler}{}% 15
\BOOKMARK [2][-]{subsection.2.1}{Implementation language and tools used}{section.2}% 16
\BOOKMARK [2][-]{subsection.2.2}{Development}{section.2}% 17
\BOOKMARK [3][-]{subsubsection.2.2.1}{Lexical analysis}{subsection.2.2}% 18
\BOOKMARK [3][-]{subsubsection.2.2.2}{Parsing}{subsection.2.2}% 19
\BOOKMARK [3][-]{subsubsection.2.2.3}{Semantic analysis}{subsection.2.2}% 20
\BOOKMARK [3][-]{subsubsection.2.2.4}{Code generation}{subsection.2.2}% 21
\BOOKMARK [2][-]{subsection.2.3}{How to use}{section.2}% 22
\BOOKMARK [1][-]{section*.53}{References}{}% 23
